[    0.000000] Initialzing cgrouup subsys cpuset
[    0.000000] Initializing cgroup subsys cpu
[    0.000000] Initializing cgroup subsys cpuacct
[    0.000000] Linux version 4.4.0-134-generic (buildd@lgw01-amd64-033) (gcc version 5.4.0 20160609 (Ubuntu 5.4.0-6ubuntu1~16.04.10) ) #160-Ubuntu SMP Wed Aug 15 14:58:00 UTC 2018 (Ubuntu 4.4.0-134.160-generic 4.4.140)
[    0.000000] Command line: BOOT_IMAGE=/boot/vmlinuz-4.4.0-134-geeric root=LABEL=cloudimg-rootfs ro console=tty1 console=ttyS0
[    0.000000] KERNEL supported cpus:
[    0.00000]   Inel GenuineIntel
[    0.000000]   AMD AuthenticAMD
[    0.000000]   Centaur CentaurHauls
[    0.000000] x86/fpu: xstate_offset[2]:  576, xstate_sizes[2]:  256
[    0.000000] x86/fpu: Supporting XSAVE feature 0x01: 'x87 floating point registers'
[    0.000000] x86/fpu: Supporting XSAVE feature 0x02: 'SSE registers'
[    0.000000] x86/fpu: Supporting XSAVE feature 0x04: 'AVX registers'
[    0.000000] x86/fpu: Enabled xstate features 0x7, context size is 832 bytes, using 'standard' format.
[    0.000000] e820: BIOS-provided physical RAM map:
[    0.000000] BIOS-e820: [mem 0x0000000000000000-0x000000000009bf] usable
[    0.000000] BIOS-820: [mem 0x000000000009fc00-0x000000000009fff] reserved
[    .000000] BIOS-e20: [mem 0x00000000000f0000-0x00000000000ffff] resrved
[   0.000000] BIOS-e820: [mem 0x0000000000100000-0x000000003ffeffff] usable
[    0.000000] BIOS-e820: [mem 0x000000003fff0000-0x000000003fffffff] ACPI data
[    0.000000] BIOS-e82: [mem 0x00000000fec00000-0x00000000fec00fff] reserved
[    0000000] BIOS--e820: [mem 0x00000000e00000-000000000fee00fff] reserved
[    .00000] BIOS-e820: [mem 0x00000000fffc0000-0x00000000ffffffff] reserved
[    0.000000] NX (Execute Disable) protection: active
[    0.000000] SMBIOS 2.5 present.
[    0.000000] Hypervisor detected: KVM
[    0.000000] e820: last_pfn= 0x3fff0 max_arch_pfn = 0x400000000
[    0.000000] MTRR: Disabled
    0.00000] x86/AT: MTRRs disabled, skipping PT initialization too.
[    0.000000] CPU MTRRs all blank - virualized system.
[   0.000000] x86/PAT: Configuraion [0-7]: WB  WT  UC- UC  WB  WT  UC- UC  
[    0.000000] found SMP MP-table at [mem 0x0009fff0-0x0009ffff] mappedat [ffff88000009fff0]
[    0.00000] Scanning 1 areas for low memory corruption
[    0.000000] RAMDISK: [mem 0x3630c000-0x3717dfff]
[    0.000000] ACPI: Early table checksum verification disabled
[    0.000000] ACPI: RSDP 0x00000000000E0000 000024 (v02 VBOX  )
[    0.000000] ACPI: XSDT 0x00000000FF0030 00003C (v01 VBOX   VBOXXSDT 00000001 ASL  00000061)
[    0.000000] ACPI: FAP 0x000000003FFF00F0 0000F4 (v04 VBOX   VBOXFACP 00000001 ASL  00000061)
[    0.000000] ACPI: DSDT 0x000000003FFF0470 0021FF (v02 VBOX   VBOXBIOS 00000002 INTL 20100528)
[    0.000000] ACPI: FACS 0x00000003FFF0200 000040
[    0.000000] ACPI: FACS 0x000000003FFF0200 000040
[    0.000000] ACPI: APIC 0x000000003FFF0240 00005C (v02 VBOX   VBOXAPIC 0000001 ASL  00000061)
[    .000000] ACPI: SSDT 0x000000003FFF02A 0001CC v01 VBOX   VBOXCPUT 00000002 INTL 20100528
[    0.000000] No NUMA configuration ound
    0.000000] Faking a node at [mem 0x000000000000000-0x000000003ffeffff]
[    0.000000] NODE_DATA(0) allocated [mem 0x3ffeb000-0x3ffefff]
[    .00000] kvm-clock: Using msrs 4b564d01 and 4b564d00
[    0.000000] kvm-clock: cpu 0, msr 0:3ffe3001, primary cpu clock
    0.000000] kvmclock using sched offset of 5131074388 cycles
[    0.000000] clocksource: kvm-clock: mask: 0xffffffffffffffff max_cycles: 0x1cd42e4dffb, max_idle_ns: 881590591483 ns
[    0.000000] Zoneranges:
[    0.000000]   DMA      [mem 0x000000000001000-0x0000000000ffffff]
[    0.000000]  DMA32    [mem 0x000000001000000-0x00000003ffeffff]
[    0.000000]   Normal   empty
[    0.000000]   Device   empty
[    .000000] Movabl zone start for each node
[    0.000000] Eary memory node ranges
[    0.000000]   node   0: [mem 0x0000000000001000-0x000000000009efff]
[    0.000000]   node   0: [mem 0x0000000000100000-0x00000003ffeffff]
[    0000000] Initmem setup node 0 [mem 0x000000000001000-0x000000003ffeffff]
[    0.000000] ACPI: PMTimer IO Port: 0x4008
[    0.00000 IOAPIC[0]: apic_id 2, version 32, address 0xfec00000, GSI 0-23
[    0.0000000] ACPI: INT_SRC_OVR (bus 0 bus_irq 0 global_irq 2 dfl dfl)
[    0.000000] ACPI: INT_SRC_OVR (bus 0 bus_irq 9 global_irq 9 low level)
[    0.000000] Using ACPI (MADT) for SMP configuration informatio
[    0.000000] smpboot: Allowing 2 CPUs, 0 hotplug CUs
[    0.000000] PM: Registered nosave memory: [mem 0x00000000-0x00000fff]
[    0.000000] PM: Registered nosave memory: [mem 0x0009f000-0x0009ffff]
[    0.000000] PM: Registered nosave memory: [mem 0x000a0000-0x000effff]
[    0.000000] PM: Registered nosave memory: [mem 0x000f0000-0x000fffff]
[    0.000000] e820: [mem 0x40000000-0xfebfffff] available for PCI devices
[    0.000000] Booting paravirtualized kernel on KVM
[    0.000000] clocksource: refined-jiffies: mask: 0xfffffff max_cycls: 0xffffffff,ma_idlens: 7645519600211568 ns
[    0.000000] etup_perpu: NR_CPUS:512 nr_cpumak_bits:512 nr_cpu_ids:2 nr_node_ids:1
[    0.000000] PERCPU: Embedded 3 pages/cpu @ffff88003fc00000 s99544 r8192 d31528 u1048576
[    .000000] PV qspinlock hash table entrie: 256 (order: 0, 4096 bytes)
[    0.000000] Built 1 zonelsts in Node rder, obility grouping on.  Total pages: 257912
[    0.000000] Policy zone: DMA32
[    0.000000] Kernel ommand line: BOOT_IMGE=/boot/vminuz-4.4.0-134-generic root=LABL=cloudimg-rootfsro console=tty1 onsole=ttyS0
[    0.000000] PID hash table entries: 4096 (order: 3, 32768 bytes)
[    0.000000] Memory: 997724K/1048120K available (554K kernel code, 1314K rwdata, 4004K rodata, 1516K init, 1316K bss, 50396K reserved, 0K cma-reserved)
[    0.000000] SLUB: HWalign=64, Order=0-3, MinObjects=0, CPUs=2, Nodes=1
[    0.000000] Kernel/User page tables isolation: enabled
[    0.000000] Hierarchical RCU implementation.
[   0.000000] 	Build-time adjustment of leaf fanout to 64.
[    0.000000] 	RCU restricting CPUs from NR_CPUS=512 to n_cpu_ids=2.
[    0.00000] RCU: Adjusting geometry for rcu_fanout_leaf=64, nr_cpu_ds=2
[    0.00000] NR_IRQS:3324 nr_irqs:440 16
[    .000000] Console: colour VGA+ 80x25
[    0.000000] console [tty1] enabled
[    0.000000] console [ttyS0] enabled
[    0.000000] tsc: Detected 1799.999 MHz processor
[    2.089885] Calibrating delay loop (skipped) preset value.. 3599.99 BogoMIPS (lpj=7199996)
[    2.093383] pid_max: dfault: 32768 minimum: 301
[    2.123426] ACPI: Core revision 20150930
[    2.126647] ACPI: 2 ACPI AML tables successfully acquired and loaded
[    2.136768] Security Framework initialized
[    2.149041] Yama: becoming mindful.
[    2.161016] AppArmor: AppArmor initialized
[    2.173082] Dentry cache hash table entries: 131072 (order: 8, 1048576 bytes)
[    2.183229] Inode-cache hash table entries: 65536 (order: 7, 524288 bytes)
[    2.213142] Mount-cache hash table entries: 2048 (order: 2, 16384 bytes)
[    2.222681] Mountpoint-cache hash table entries: 2048 (order: 2, 16384 bytes)
[    2.225631] Initializing cgroup subsys io
[    2.233373] Initializing cgroup subsys memory
[    2.245077] Initializing cgroup subsys devices
[    2.256423] Initializing cgroup subsys freezer
[    2.265287] Initializing cgroup subsys net_cls
[    2.273763] Initializing cgroup subsys perf_event
[    2.282304] Initializing cgroup subsys net_prio
[    2.286520] Initializing cgroup subsys hugetlb
[    2.301282] Initializing cgroup subsys pids
[    2.304097] mce: CPU supports 0 MCE banks
[    2.305884] Last level iTLB entries: 4KB 64, 2MB 8, 4MB 8
[    2.320790] Last level dTLB entries: 4KB 64, 2MB 0, 4MB 0, 1GB 4
[    2.330203] Spectre V2 : Mitigation: Full generic retpoline
[    2.361767] Spectre V2 : Speculation control IBPB not-supported IBRS not-supported
[    2.369782] Speculative Store Bypass: Vulnerable
[    2.383790] Freeing SMP alternatives memory: 32K
[    2.405761] ftrace: allocating 32266 entries in 127 pages
[    2.470920] smpboot: APIC(0) Converting physical 0 to logical package 0
[    2.474589] smpboot: Max logical packages: 1
[    2.476591] x2apic enabled
[    2.478408] Switched APIC routing to physical x2apic.
[    2.481487] ..TIMER: vector=0x30 apic1=0 pin1=2 apic2=-1 pin2=-1
[    2.592549] smpboot: CPU0: Intel(R) Core(TM) i5-5350U CPU @ 1.80GHz (family: 0x6, model: 0x3d, stepping: 0x4)
[    2.617091] Performance Events: unsupported p6 CPU model 61 no PMU driver, software events only.
[    2.629974] KVM setup paravirtual spinlock
[    2.637183] x86: Booting SMP configuration:
[    2.642446] .... node  #0, CPUs:      #1
[    2.644549] kvm-clock: cpu 1, msr 0:3ffe3041, secondary cpu clock
[    2.647376] mce: CPU supports 0 MCE banks
[    2.650751] x86: Booted up 1 node, 2 CPUs
[    2.656531] smpboot: Total of 2 processors activated (7199.99 BogoMIPS)
[    2.664671] devtmpfs: initialized
[    2.674004] evm: security.selinux
[    2.678057] evm: security.SMACK64
[    2.682002] evm: security.SMACK64EXEC
[    2.689277] evm: security.SMACK64TRANSMUTE
[    2.692949] evm: security.SMACK64MMAP
[    2.694237] evm: security.ima
[    2.695560] evm: security.capability
[    2.700456] clocksource: jiffies: mask: 0xffffffff max_cycles: 0xffffffff, max_idle_ns: 7645041785100000 ns
[    2.711861] futex hash table entries: 512 (order: 3, 32768 bytes)
[    2.720318] pinctrl core: initialized pinctrl subsystem
[    2.722730] RTC time: 10:01:52, date: 09/18/18
[    2.727864] NET: Registered protocol family 16
[    2.745672] cpuidle: using governor ladder
[    2.761927] cpuidle: using governor menu
[    2.767897] PCCT header not found.
[    2.773428] ACPI: bus type PCI registered
[    2.777277] acpiphp: ACPI Hot Plug PCI Controller Driver version: 0.5
[    2.790167] PCI: Using configuration type 1 for base access
[    2.815105] ACPI: Added _OSI(Module Device)
[    2.819531] ACPI: Added _OSI(Processor Device)
[    2.830758] ACPI: Added _OSI(3.0 _SCP Extensions)
[    2.840161] ACPI: Added _OSI(Processor Aggregator Device)
[    2.843630] ACPI: Executed 1 blocks of module-level executable AML code
[    2.857517] ACPI: Interpreter enabled
[    2.860146] ACPI: (supports S0 S5)
[    2.865355] ACPI: Using IOAPIC for interrupt routing
[    2.871791] PCI: Using host bridge windows from ACPI; if necessary, use "pci=nocrs" and report a bug
[    2.885811] ACPI: PCI Root Bridge [PCI0] (domain 0000 [bus 00-ff])
[    2.899790] acpi PNP0A03:00: _OSC: OS supports [ASPM ClockPM Segments MSI]
[    2.906001] acpi PNP0A03:00: _OSC: not requesting OS control; OS requires [ExtendedConfig ASPM ClockPM MSI]
[    2.914941] acpi PNP0A03:00: fail to add MMCONFIG information, can't access extended PCI configuration space under this bridge.
[    2.930725] PCI host bridge to bus 0000:00
[    2.937216] pci_bus 0000:00: root bus resource [io  0x0000-0x0cf7 window]
[    2.941461] pci_bus 0000:00: root bus resource [io  0x0d00-0xffff window]
[    2.946800] pci_bus 0000:00: root bus resource [mem 0x000a0000-0x000bffff window]
[    2.955414] pci_bus 0000:00: root bus resource [mem 0x40000000-0xfdffffff window]
[    2.960161] pci_bus 0000:00: root bus resource [bus 00-ff]
[    2.968006] pci 0000:00:01.1: legacy IDE quirk: reg 0x10: [io  0x01f0-0x01f7]
[    2.977402] pci 0000:00:01.1: legacy IDE quirk: reg 0x14: [io  0x03f6]
[    2.985251] pci 0000:00:01.1: legacy IDE quirk: reg 0x18: [io  0x0170-0x0177]
[    2.989621] pci 0000:00:01.1: legacy IDE quirk: reg 0x1c: [io  0x0376]
[    3.023399] pci 0000:00:07.0: quirk: [io  0x4000-0x403f] claimed by PIIX4 ACPI
[    3.037656] pci 0000:00:07.0: quirk: [io  0x4100-0x410f] claimed by PIIX4 SMB
[    3.059142] ACPI: PCI Interrupt Link [LNKA] (IRQs 5 9 10 *11)
[    3.062612] ACPI: PCI Interrupt Link [LNKB] (IRQs 5 9 *10 11)
[    3.067779] ACPI: PCI Interrupt Link [LNKC] (IRQs 5 *9 10 11)
[    3.073662] ACPI: PCI Interrupt Link [LNKD] (IRQs 5 9 10 *11)
[    3.079418] ACPI: Enabled 2 GPEs in block 00 to 07
[    3.085077] vgaarb: setting as boot device: PCI:0000:00:02.0
[    3.089063] vgaarb: device added: PCI:0000:00:02.0,decodes=io+mem,owns=io+mem,locks=none
[    3.094786] vgaarb: loaded
[    3.096922] vgaarb: bridge control possible 0000:00:02.0
[    3.101057] SCSI subsystem initialized
[    3.103719] ACPI: bus type USB registered
[    3.107055] usbcore: registered new interface driver usbfs
[    3.111920] usbcore: registered new interface driver hub
[    3.116894] usbcore: registered new device driver usb
[    3.124079] PCI: Using ACPI for IRQ routing
[    3.128053] NetLabel: Initializing
[    3.142287] NetLabel:  domain hash size = 128
[    3.147401] NetLabel:  protocols = UNLABELED CIPSOv4
[    3.152730] NetLabel:  unlabeled traffic allowed by default
[    3.157885] amd_nb: Cannot enumerate AMD northbridges
[    3.166757] clocksource: Switched to clocksource kvm-clock
[    3.181702] AppArmor: ApArmor Filesystem Enbled
[   3.235258] pnp: PnP API init
[    3.289122] pnp: PnP ACI: fond 3 devices

[    3.35234] clocksource: acpi_pm mask: 0xffffff max_cycles: 0xffffff, max_dle_ns: 208701024 ns
[    3453192] NET: Rgisteredprotool family 2

[    3.552313] TCP etablished hash table entries: 892 (order:4, 65536 byts)
[    3.654153] TCP bid hash table entrie: 8192 (order: 5, 13102 byte)
[    3.752538] TCP: Hash tables configured (established 812 bind 8192)
[    3.778828] UDP hash table entries: 512(order: , 16384 bytes)
[    .829376] UDP-Lite hash table entries: 512 (order: 2, 16384 bytes)
[    3.868084] NET: Registered protocol family 1
[    3.869924] pci 0000:0:00.0: Limiting direct PCI/PCI transfers
[    3.896403] pci 0000:00:01.0: Activating ISA DMA hang workarounds
[    3.899344] Unpacking initramfs...
[   4.148618] Freeing initrd memory: 14792K

[    4.174672] RAPL PMU detected, API unit is 2^-32 Joules, 4 fixed counters 10737418240 ms ovfl timer
[    4.178170] hw unit of domain pp0-core 2^-0 Joules
[    4.180355] hw unit of domain package 2^-0 Joules
[    4.182434] hw unit of domain dram 2^-0 Joules
[    4.184488] hw unit of domain pp1-gpu 2^-0 Joules
[    4.186560] platform rtc_cmos: registered platform RTC device (no PNP device found)
[    4.189745] Scanning for low memory corruption every 60 seconds
[    4.192396] audit: initializing netlink subsys (disabled)
[    4.194180] audit: type=2000 audit(1537264918.797:1): initialized
[    4.196676] Initialise system trusted keyring
[    4.198896] HugeTLB registered 2 MB page size, pre-allocated 0 pages
[    4.203122] zbud: loaded
[    4.205543] VFS: Disk quotas dquot_6.6.0
[    4.207473] VFS: Dquot-cache hash table entries: 512 (order 0, 4096 bytes)
[    4.211431] squashfs: version 4.0 (2009/01/31) Phillip Lougher
[    4.221398] fuse init (API version 7.23)
[    4.225802] Key type big_key registered
[    4.228922] Allocating IMA MOK and blacklist keyrings.
[    4.241896] Key type asymmetric registered
[    4.245727] Asymmetric key parser 'x509' registered
[    4.250187] Block layer SCSI generic (bsg) driver version 0.4 loaded (major 249)
[    4.256776] io scheduler noop registered
[    4.260430] io scheduler deadline registered (default)
[    4.265585] io scheduler cfq registered
[    4.271199] pci_hotplug: PCI Hot Plug PCI Core version: 0.5
[    4.279175] pciehp: PCI Express Hot Plug Controller Driver version: 0.4
[    4.298090] ACPI: AC Adapter [AC] (off-line)
[    4.299994] input: Power Button as /devices/LNXSYSTM:00/LNXPWRBN:00/input/input0
[    4.310961] ACPI: Power Button [PWRF]
[    4.319916] input: Sleep Button as /devices/LNXSYSTM:00/LNXSLPBN:00/input/input1
[    4.325226] ACPI: Sleep Button [SLPF]
[    4.328327] ACPI: Battery Slot [BAT0] (battery present)
[    4.344049] GHES: HEST is not enabled!
[    4.346136] Serial: 8250/16550 driver, 32 ports, IRQ sharing enabled
[    4.378323] 00:02: ttyS0 at I/O 0x3f8 (irq = 4, base_baud = 115200) is a 16550A
[    4.406396] Linux agpgart interface v0.103
[    4.425691] loop: module loaded
[    4.429273] scsi host0: ata_piix
[    4.436921] scsi host1: ata_piix
[    4.440159] ata1: PATA max UDMA/33 cmd 0x1f0 ctl 0x3f6 bmdma 0xd000 irq 14
[    4.453708] ata2: PATA max UDMA/33 cmd 0x170 ctl 0x376 bmdma 0xd008 irq 15
[    4.467823] libphy: Fixed MDIO Bus: probed
[    4.469797] tun: Universal TUN/TAP device driver, 1.6
[    4.478094] tun: (C) 1999-2004 Max Krasnyansky <maxk@qualcomm.com>
[    4.506260] PPP generic driver version 2.4.2
[    4.537994] ehci_hcd: USB 2.0 'Enhanced' Host Controller (EHCI) Driver
[    4.560088] ehci-pci: EHCI PCI platform driver
[    4.566328] ehci-platform: EHCI generic platform driver
[    4.584049] ohci_hcd: USB 1.1 'Open' Host Controller (OHCI) Driver
[    4.586280] ohci-pci: OHCI PCI platform driver
[    4.595412] ohci-platform: OHCI generic platform driver
[    4.598042] uhci_hcd: USB Universal Host Controller Interface driver
[    4.616374] i8042: PNP: PS/2 Controller [PNP0303:PS2K,PNP0f03:PS2M] at 0x60,0x64 irq 1,12
[    4.626606] serio: i8042 KBD port at 0x60,0x64 irq 1
[    4.656318] serio: i8042 AUX port at 0x60,0x64 irq 12
[    4.676902] mousedev: PS/2 mouse device common for all mice
[    4.690057] rtc_cmos rtc_cmos: rtc core: registered rtc_cmos as rtc0
[    4.697785] rtc_cmos rtc_cmos: alarms up to one day, 114 bytes nvram
[    4.715887] i2c /dev entries driver
[    4.717857] input: AT Translated Set 2 keyboard as /devices/platform/i8042/serio0/input/input2
[    4.736321] device-mapper: uevent: version 1.0.3
[    4.744416] device-mapper: ioctl: 4.34.0-ioctl (2015-10-28) initialised: dm-devel@redhat.com
[    4.776810] ledtrig-cpu: registered to indicate activity on CPUs
[    4.784952] NET: Registered protocol family 10
[    4.788426] NET: Registered protocol family 17
[    4.800591] Key type dns_resolver registered
[    4.808668] registered taskstats version 1
[    4.819478] Loading compiled-in X.509 certificates
[    4.821850] Loaded X.509 cert 'Build time autogenerated kernel key: 4eb3d24ac16f76c1747ffd474694c84db21038b'
[    4.852424] zswap: loaded using pool lzo/zbud
[    4.861527] Key type trusted registered
[    4.868347] Key type encrypted registered
[    4.869859] AppArmor: AppArmor sha1 policy hashing enabled
[    4.879998] ima: No TPM chip found, activating TPM-bypass!
[    4.886993] ima: Allocated hash algorithm: sha1
[    4.903916] evm: HMAC attrs: 0x1
[    4.909090]   Magic number: 2:392:22
[    4.928043] rtc_cmos rtc_cmos: setting system clock to 2018-09-18 10:01:55 UTC (1537264915)
[    4.945574] BIOS EDD facility v0.16 2004-Jun-25, 0 devices found
[    4.948931] EDD information not available.
[    4.952547] Freeing unused kernel memory: 1516K
[    4.975438] Write protecting the kernel read-only data: 14336k
[    4.981763] Freeing unused kernel memory: 1672K
[    5.420957] tsc: Refined TSC clocksource calibration: 1800.253 MHz
[    5.862952] clocksource: tsc: mask: 0xffffffffffffffff max_cycles: 0x19f3187ec7a, max_idle_ns: 440795227022 ns
[    5.887032] Freeing unused kernel memory: 92K
Loading, please wait...
starting version[    5.932407] random: systemd-udevd: uninitialized urandom read (16 bytes read, 7 bits of entropy available)
 229
[    5.933107] random: udevadm: uninitialized urandom read (16 bytes read, 7 bits of entropy available)
[    5.933129] random: udevadm: uninitialized urandom read (16 bytes read, 7 bits of entropy available)
[    5.944578] random: udevadm: uninitialized urandom read (16 bytes read, 7 bits of entropy available)
[    5.944625] random: udevadm: uninitialized urandom read (16 bytes read, 7 bits of entropy available)
[    5.944766] random: udevadm: uninitialized urandom read (16 bytes read, 7 bits of entropy available)
[    5.944820] random: udevadm: uninitialized urandom read (16 bytes read, 7 bits of entropy available)
[    5.944873] random: udevadm: uninitialized urandom read (16 bytes read, 7 bits of entropy available)
[    5.944924] random: udevadm: uninitialized urandom read (16 bytes read, 7 bits of entropy available)
[    5.944974] random: udevadm: uninitialized urandom read (16 bytes read, 7 bits of entropy available)
[    6.145450] e1000: Intel(R) PRO/1000 Network Driver - version 7.3.21-k8-NAPI
[    6.168024] e1000: Copyright (c) 1999-2006 Intel Corporation.
[    6.184953] Fusion MPT base driver 3.04.20
[    6.204602] Copyright (c) 1999-2008 LSI Corporation
[    6.216831] Fusion MPT SPI Host driver 3.04.20
[    6.236257] AVX2 version of gcm_enc/dec engaged.
[    6.244275] AES CTR mode by8 optimization enabled
[    6.412556] input: ImExPS/2 Generic Explorer Mouse as /devices/platform/i8042/serio1/input/input4
[    6.667581] e1000 0000:00:03.0 eth0: (PCI:33MHz:32-bit) 02:1d:76:b3:3c:fe
[    6.694611] e1000 0000:00:03.0 eth0: Intel(R) PRO/1000 Network Connection
[    7.105844] e1000 0000:00:08.0 eth1: (PCI:33MHz:32-bit) 08:00:27:fd:b1:3b
[    7.113510] e1000 0000:00:08.0 eth1: Intel(R) PRO/1000 Network Connection
[    7.121517] e1000 0000:00:03.0 enp0s3: renamed from eth0
[    7.124166] mptbase: ioc0: Initiating bringup
[    7.139770] e1000 0000:00:08.0 enp0s8: renamed from eth1
[    7.204443] ioc0: LSI53C1030 A0: Capabilities={Initiator}
[    7.375688] scsi host2: ioc0: LSI53C1030 A0, FwRev=00000000h, Ports=1, MaxQ=256, IRQ=20
[    7.507706] scsi 2:0:0:0: Direct-Access     VBOX     HARDDISK         1.0  PQ: 0 ANSI: 5
[    7.527359] scsi target2:0:0: Beginning Domain Validation
[    7.543438] scsi target2:0:0: Domain Validation skipping write tests
[    7.716609] scsi target2:0:0: Ending Domain Validation
[    7.719071] scsi target2:0:0: asynchronous
[    7.862023] scsi 2:0:1:0: Direct-Access     VBOX     HARDDISK         1.0  PQ: 0 ANSI: 5
[    7.865937] scsi target2:0:1: Beginning Domain Validation
[    8.378869] scsi target2:0:1: Domain Validation skipping write tests
[    8.381431] scsi target2:0:1: Ending Domain Validation
[    8.383542] scsi target2:0:1: asynchronous
[    8.394963] sd 2:0:0:0: [sda] 20971520 512-byte logical blocks: (10.7 GB/10.0 GiB)
[    8.397865] sd 2:0:0:0: [sda] Write Protect is off
[    8.399853] sd 2:0:0:0: [sda] Incomplete mode parameter data
[    8.406014] sd 2:0:0:0: [sda] Assuming drive cache: write through
[    8.413074] sd 2:0:0:0: Attached scsi generic sg0 type 0
[    8.415848] sd 2:0:1:0: Attached scsi generic sg1 type 0
[    8.417968] sd 2:0:1:0: [sdb] 20480 512-byte logical blocks: (10.5 MB/10.0 MiB)
[    8.421431] sd 2:0:1:0: [sdb] Write Protect is off
[    8.423550] sd 2:0:1:0: [sdb] Incomplete mode parameter data
[    8.432887] sd 2:0:1:0: [sdb] Assuming drive cache: write through
[    8.437291]  sda: sda1
[    8.438425] sd 2:0:0:0: [sda] Attached SCSI disk
[    8.456732] sd 2:0:1:0: [sdb] Attached SCSI disk
Begin: Loading essential drivers ... [    9.842301] md: linear personality registered for level -1
[    9.847726] md: multipath personality registered for level -4
[    9.859187] md: raid0 personality registered for level 0
[    9.865115] md: raid1 personality registered for level 1
[    9.938869] raid6: sse2x1   gen()  4758 MB/s
[   10.015042] raid6: sse2x1   xor()  3762 MB/s
[   10.091320] raid6: sse2x2   gen() 10867 MB/s
[   10.175006] raid6: sse2x2   xor()  7078 MB/s
[   10.254963] raid6: sse2x4   gen()  8992 MB/s
[   10.328585] raid6: sse2x4   xor()  2040 MB/s
[   10.402923] raid6: avx2x1   gen()  8991 MB/s
[   10.479050] raid6: avx2x2   gen() 16205 MB/s
[   10.550856] raid6: avx2x4   gen() 22440 MB/s
[   10.552685] raid6: using algorithm avx2x4 gen() 22440 MB/s
[   10.554876] raid6: using avx2x2 recovery algorithm
[   10.558894] xor: automatically using best checksumming function:
[   10.606847]    avx       : 20584.000 MB/sec
[   10.614278] async_tx: api initialized (async)
[   10.641122] md: raid6 personality registered for level 6
[   10.651605] md: raid5 personality registered for level 5
[   10.655075] md: raid4 personality registered for level 4
[   10.687794] md: raid10 personality registered for level 10
done.
Begin: Running /scripts/init-premount ... done.
Begin: Mounting root file system ... Begin: Running /scripts/local-top ... done.
Begin: Running /scripts/local-premount ... [   10.733477] Btrfs loaded
Scanning for Btrfs filesystems
done.
Warning: fsck not present, so skipping root file system
[   10.811631] EXT4-fs (sda1): mounted filesystem with ordered data mode. Opts: (null)
done.
Begin: Running /scripts/local-bottom ... done.
Begin: Running /scripts/init-bottom ... done.
[   11.048121] systemd[1]: systemd 229 running in system mode. (+PAM +AUDIT +SELINUX +IMA +APPARMOR +SMACK +SYSVINIT +UTMP +LIBCRYPTSETUP +GCRYPT +GNUTLS +ACL +XZ -LZ4 +SECCOMP +BLKID +ELFUTILS +KMOD -IDN)
[   11.073518] systemd[1]: Detected virtualization oracle.
[   11.084416] systemd[1]: Detected architecture x86-64.

Welcome to [1mUbuntu 16.04.5 LTS[0m!

[   11.101859] systemd[1]: Set hostname to <ubuntu>.
[   11.111326] systemd[1]: Initializing machine ID from random generator.
[   11.117082] systemd[1]: Installed transient /etc/machine-id file.
[   11.525935] systemd[1]: Reached target Encrypted Volumes.
[[0;32m  OK  [0m] Reached target Encrypted Volumes.
[   11.531982] systemd[1]: Reached target Swap.
[[0;32m  OK  [0m] Reached target Swap.
[   11.555364] systemd[1]: Reached target System Time Synchronized.
[[0;32m  OK  [0m] Reached target System Time Synchronized.
[   11.579409] systemd[1]: Started Trigger resolvconf update for networkd DNS.
[[0;32m  OK  [0m] Started Trigger resolvconf update for networkd DNS.
[   11.590798] systemd[1]: Started Forward Password Requests to Wall Directory Watch.
[[0;32m  OK  [0m] Started Forward Password Requests to Wall Directory Watch.
[   11.612760] systemd[1]: Listening on udev Control Socket.
[[0;32m  OK  [0m] Listening on udev Control Socket.
[   11.622855] systemd[1]: Listening on udev Kernel Socket.
[[0;32m  OK  [0m] Listening on udev Kernel Socket.
[   11.634486] systemd[1]: Set up automount Arbitrary Executable File Formats File System Automount Point.
[[0;32m  OK  [0m] Set up automount Arbitrary Executab...ats File System Automount Point.
[   11.663644] systemd[1]: Listening on Syslog Socket.
[[0;32m  OK  [0m] Listening on Syslog Socket.
[   11.670401] systemd[1]: Listening on Device-mapper event daemon FIFOs.
[[0;32m  OK  [0m] Listening on Device-mapper event daemon FIFOs.
[   11.679792] systemd[1]: Listening on /dev/initctl Compatibility Named Pipe.
[[0;32m  OK  [0m] Listening on /dev/initctl Compatibility Named Pipe.
[   11.693342] systemd[1]: Listening on Journal Audit Socket.
[[0;32m  OK  [0m] Listening on Journal Audit Socket.
[   11.700188] systemd[1]: Created slice System Slice.
[[0;32m  OK  [0m] Created slice System Slice.
[   11.727712] systemd[1]: Created slice system-serial\x2dgetty.slice.
[[0;32m  OK  [0m] Created slice system-serial\x2dgetty.slice.
[   11.734736] systemd[1]: Listening on Journal Socket.
[[0;32m  OK  [0m] Listening on Journal Socket.
[   11.783425] systemd[1]: Starting Set console keymap...
         Starting Set console keymap...
[   11.800520] systemd[1]: Starting Uncomplicated firewall...
         Starting Uncomplicated firewall...
[   11.810288] systemd[1]: Starting Nameserver information manager...
         Starting Nameserver information manager...
[   11.822039] systemd[1]: Mounting Debug File System...
         Mounting Debug File System...
[   11.827286] systemd[1]: Starting Create list of required static device nodes for the current kernel...
         Starting Create list of required st... nodes for the current kernel...
[   11.840993] systemd[1]: Mounting POSIX Message Queue File System...
         Mounting POSIX Message Queue File System...
[   11.849303] systemd[1]: Listening on LVM2 poll daemon socket.
[[0;32m  OK  [0m] Listening on LVM2 poll daemon socket.
[   11.868129] systemd[1]: Listening on Journal Socket (/dev/og).

[[0;32m  OK  [0m] Listening on Journal Socket (/dev/log).
[   11.939329] systemd[1]: Starting Journal Service...
         Starting Journal Service...
[   11.954558] systemd[1]: Listening on LVM2 metadata daemon socket.
[[0;32m  OK  [0m] Listening on LVM2 metadata daemon socket.
[   11.979894] systemd[1]: Created slice User and Session Slice.
[[0;32m  OK  [0m] Created slice User and Session Slice.
[   11.985580] systemd[1]: Reached target Slices.
[[0;32m  OK  [0m] Reached target Slices.
[   12.011693] systemd[1]: Mounting Huge Pages File System...
         Mounting Huge Pages File System...
[   12.037104] systemd[1]: Starting Remount Root and Kernel File Systems...
         Starting Remount Root and Kernel File Systems...
[   12.055190] EXT4-fs (sda1): re-mounted. Opts: (null)
[   12.087271] systemd[1]: Starting Load Kernel Modules...
[   12.092354] random: nonblocking pool is initialized
[   12.100697] Loading iSCSI transport class v2.0-870.
         Starting Load Kernel Modules...
[   12.106044] systemd[1]: Starting Monitoring of LVM2 mirrors, snapshots etc. using dmeventd or progress polling...
         Starting Monitoring of LVM2 mirrors... [   12.120370] iscsi: registered transport (tcp)
dmeventd or progress polling...
[   12.132249] systemd[1]: Reached target User and Group Name Lookups.
[[0;32m  OK  [0m] Reached target User and Group Name Lookups.
[   12.168279] systemd[1]: Mounted Debug File System.
[[0;32m  OK  [0[   12.173494] iscsi: registered transport (iser)
m] Mounted Debug File System.
[   12.176872] systemd[1]: Mounted Huge Pages File System.
[[0;32m  OK  [0m] Mounted Huge Pages File System.
[   12.182242] systemd[1]: Mounted POSIX Message Queue File System.
[[0;32m  OK  [0m] Mounted POSIX Message Queue File System.
[   12.189766] systemd[1]: Started Journal Service.
[[0;32m  OK  [0m] Started Journal Service.
[[0;32m  OK  [0m] Started Set console keymap.
[[0;32m  OK  [0m] Started Uncomplicated firewall.
[[0;32m  OK  [0m] Started Create list of required sta...ce nodes for the current kernel.
[[0;32m  OK  [0m] Started Remount Root and Kernel File Systems.
[[0;32m  OK  [0m] Started Load Kernel Modules.
[[0;32m  OK  [0m] Started Nameserver information manager.
[[0;32m  OK  [0m] Started LVM2 metadata daemon.
         Starting Apply Kernel Variables...
         Mounting FUSE Control File System...
         Starting udev Coldplug all Devices...
         Starting Load/Save Random Seed...
         Starting Create Static Device Nodes in /dev...
         Starting Flush Journal to Persistent Storage...
[[0;32m  OK  [0m] Mounted FUSE Control File System.
[[0;32m  OK  [0m] Started Apply Kernel Variables.
[[0;32m  OK  [0m] Started Load/Save Random Seed.
[[0;32m  OK  [0m] Started Monitoring of LVM2 mirrors,...ng dmeventd or progress polling.
[[0;32m  OK  [0m] Started Create Static Device Nodes in /dev.
[[0;32m  OK  [0m] Started udev Coldplug all Devices.
[[0;32m  OK  [0m] Started Flush Journal to Persistent Storage.
         Starting udev Kernel Device Manager...
[[0;32m  OK  [0m] Started udev Kernel Device Manager.
[[0;32m  OK  [0m] Started Dispatch Password Requests to Console Directory Watch.
[[0;32m  OK  [0m] Reached target Local File Systems (Pre).
[[0;32m  OK  [0m] Reached target Local File Systems.
         Starting Initial cloud-init job (pre-networking)...
         Starting LSB: AppArmor initialization...
         Starting Commit a transient machine-id on disk...
         Starting Tell Plymouth To Write Out Runtime Data...
         Starting Create Volatile Files and Directories...
         Starting Set console font and keymap...
[[0;32m  OK  [0m] Started Tell Plymouth To Write Out Runtime Data.
[[0;32m  OK  [0m] Started Create Volatile Files and Directories.
[[0;32m  OK  [0m] Started Commit a transient machine-id on disk.
[[0;32m  OK  [0m] Found device /dev/ttyS0.
         Starting Update UTMP about System Boot/Shutdown...
[[0;32m  OK  [0m] Started Update UTMP about System Boot/Shutdown.
[[0;32m  OK  [0m] Listening on Load/Save RF Kill Switch Status /dev/rfkill Watch.
[[0;32m  OK  [0m] Started LSB: AppArmor initialization.
[   12.151855] [[0;32m  OK  [0m] Started Set console font and keymap.
cloud-init[[0;32m  OK  [0m] Created slice system-getty.slice.
[480]: Cloud-init v. 18.3-9-g2e62cb8a-0ubuntu1~16.04.2 running 'init-local' at Tue, 18 Sep 2018 10:02:04 +0000. Up 11.62 seconds.
[[0;32m  OK  [0m] Started Initial cloud-init job (pre-networking).
[[0;32m  OK  [0m] Reached target Network (Pre).
         Starting Raise network interfaces...
[[0;32m  OK  [0m] Started Raise network interfaces.
[[0;32m  OK  [0m] Reached target Network.
         Starting Initial cloud-init job (metadata service crawler)...
[   13.682418] cloud-init[933]: Cloud-init v. 18.3-9-g2e62cb8a-0ubuntu1~16.04.2 running 'init' at Tue, 18 Sep 2018 10:02:06 +0000. Up 12.89 seconds.
[   13.691820] cloud-init[933]: ci-info: ++++++++++++++++++++++++++++++++++++++Net device info+++++++++++++++++++++++++++++++++++++++
[   13.707287] cloud-init[933]: ci-info: +--------+-------+----------------------------+---------------+--------+-------------------+
[   13.724869] cloud-init[933]: ci-info: | Device |   Up  |          Address           |      Mask     | Scope  |     Hw-Address    |
[   13.731674] cloud-init[933]: ci-info: +--------+-------+----------------------------+---------------+--------+-------------------+
[   13.740932] cloud-init[933]: ci-info: | enp0s3 |  True |         10.0.2.15          | 255.255.255.0 | global | 02:1d:76:b3:3c:fe |
[   13.773535] cloud-init[933]: ci-info: | enp0s3 |  True | fe80::1d:76ff:feb3:3cfe/64 |       .       |  link  | 02:1d:76:b3:3c:fe |
[   13.774494] [[0;32m  OK  [0m] Started Initial cloud-init job (metadata service crawler).
cloud-init[933]: ci-info: | enp0s8 | False |             .              |       .       |   .    | 08:00:27:fd:b1:3b |
[   13.803175] cloud-init[933]: ci-info: |   lo   |  True |         127.0.0.1          |   255.0.0.0   |  host  |         .         |
[   13.803717] cloud-init[933]: ci-info: |   lo   |  True |          ::1/128           |       .       |  host  |         .         |
[[0;32m  OK  [0m] Reached target Network is Online.
[   13.804402] cloud-init[933]: ci-info: +--------+-------+----------------------------+---------------+--------+-------------------+
[   13.920769] cloud-init[933]: ci-info: +++++++++++++++++++++++++++Route IPv4 info++++++++++++++++++++++++++++
[   13.921823] cloud-init[933]: ci-info: +-------+-------------+----------+---------------+-----------+-------+
         Starting iSCSI initiator daemon (iscsid)...
[[   13.922551] cloud-init[933]: ci-info: | Route | Destination | Gateway  |    Genmask    | Interface | Flags |
[   13.982302] cloud-init[933]: ci-info: +-------+-------------+----------+---------------+-----------+-------+
[   13.985922] cloud-init[933]: ci-info: |   0   |   0.0.0.0   | 10.0.2.2 |    0.0.0.0    |   enp0s3  |   UG  |
[0;32m  OK  [0m] Reached target System Initialization.
[[   13.987572] cloud-init[933]: ci-info: |   1   |   10.0.2.0  | 0.0.0.0  | 255.255.255.0 |   enp0s3  |   U   |
[0;32m  OK  [0m] Started Daily apt download activities.
[   14.243308] cloud-init[933]: ci-info: +-------+-------------+----------+---------------+-----------+-------+
[   14.268478] cloud-init[933]: ci-info: +++++++++++++++++++Route IPv6 info+++++++++++++++++++
[   14.269216] cloud-init[933]: ci-info: +-------+-------------+---------+-----------+-------+
[[0;32m  OK  [0m] Listening on UUID daemon activation socket.
[   14.272255] cloud-init[933]: ci-info: | Route | Destination | Gateway | Interface | Flags |
         [   14.306175] cloud-init[933]: ci-info: +-------+-------------+---------+-----------+-------+
[   14.307889] cloud-init[933]: ci-info: |   0   |  fe80::/64  |    ::   |   enp0s3  |   U   |
Starting Socket activation for snappy daemon.
[   14.309356] cloud-init[933]: ci-info: |   3   |   ff00::/8  |    ::   |   enp0s3  |   U   |
[   14.333915] cloud-init[933]: ci-info: +-------+-------------+---------+-----------+-------+
[[0;32m  OK  [0m] Started Daily Cleanup of Temporary Directories.
[   14.334736] cloud-init[933]: Generating public/private rsa key pair.
[   14.378300] cloud-init[933]: Your identification has been saved in /etc/ssh/ssh_host_rsa_key.
[   14.381804] cloud-init[933]: Your public key has been saved in /etc/ssh/ssh_host_rsa_key.pub.
[   14.382450] cloud-init[933]: The key fingerprint is:
[[0;32m  OK  [0m] Started ACPI Events Check.
[[   14.385045] cloud-init[933]: SHA256:zSP9TXxOe56SJsYBdluYZA74THScPwmxl97ENRXYDQU root@ubuntu-xenial
[   14.434205] cloud-init[933]: The key's randomart image is:
[   14.438025] cloud-init[933]: +---[RSA 2048]----+
[   14.439052] cloud-init[933]: |        o..oo E*B|
[0;32m  OK  [0m] Reached target Paths.
[   14.440167] cloud-init[933]: |       . o.*..o.+|
[   14.486634] cloud-init[933]: |        + =.=o.o |
[   14.487172] cloud-init[933]: |         O =o*o  |
[   14.489439] cloud-init[933]: |        S B o.+.o|
[   14.490578] cloud-init[933]: |         . = o +.|
[   14.492673] cloud-init[933]: |          . o o.o|
[   14.493741] cloud-init[933]: |           + + .o|
         Starting LXD - unix socket.
[[   14.494632] cloud-init[933]: |          . o ...|
[   14.500859] cloud-init[933]: +----[SHA256]-----+
[   14.502632] cloud-init[933]: Generating public/private dsa key pair.
[   14.503903] cloud-init[933]: Your identification has been saved in /etc/ssh/ssh_host_dsa_key.
[0;32m  OK  [0m] Listening on ACPID Listen Socket.
[[   14.505584] cloud-init[933]: Your public key has been saved in /etc/ssh/ssh_host_dsa_key.pub.
[   14.576654] [0;32m  OK  [0mcloud-init] [933]: Listening on D-Bus System Message Bus Socket.The key fingerprint is:

[   14.613782] cloud-init[933]: SHA256:HLziRtk+VJOIrLkhqp8Sl6pUfSeLEkpnS5i32qKeRxk root@ubuntu-xenial
[   14.615759] cloud-init[933]: The key's randomart image is:
[[0;32m  OK  [0m] Started Daily apt upgrade and clean activities.
[   14.619397] cloud-init[933]: +---[DSA 1024]----+
[   14.709433] cloud-init[933]: |                 |
[   14.710378] [cloud-init[0;32m  OK  [0m[933]: ] |     . o . .     |Reached target Timers.

[[   14.711910] cloud-init[933]: |      o + +      |
[   14.739405] cloud-init[933]: |  oE.o + + .     |
[0;32m  OK  [0m] Reached target Cloud-config availability.
[   14.739955] cloud-init[933]: | +.O*.+oS.       |
[   14.780974] cloud-init[933]: |o.X++=o++        |
[   14.783596] cloud-init[933]: |.*.+..o.o        |
[   14.790053] cloud-init[933]: |=.+o..   .       |
[   14.804757] [[0;32m  OK  [0m] Listening on Socket activation for snappy daemon.
[cloud-init[0;32m  OK  [0m[933]: ] |B*=.             |Listening on LXD - unix socket.

[   14.836712] [[0;32m  OK  [0m] Started iSCSI initiator daemon (iscsid).
cloud-init[933]: +----[SHA256]-----+
[   14.842983] cloud-init[933]: Generating public/private ecdsa key pair.
[   14.864634]          Starting Login to default iSCSI targets...
[[0;32m  OK  [0m] Reached target Sockets.
[[0;32m  OK  [0m] Reached target Basic System.
         Starting System Logging Service...
         Starting LSB: MD monitoring daemon...
cloud-init[933]: Your identification has been saved in /etc/ssh/ssh_host_ecdsa_key.
[   14.890964] cloud-init[933]: Your public key has been saved in /etc/ssh/ssh_host_ecdsa_key.pub.
[[0;32m  OK  [0m] Started Regular background program processing daemon.
[   14.897112] [cloud-init[0;32m  OK  [0m[933]: ] The key fingerprint is:Started Unattended Upgrades Shutdown.

[   14.913837] cloud-init[933]: SHA256:aWjcLPdYep5ShWpmxMwAjvW6qZNXZq2zTQgc74xrPII root@ubuntu-xenial
[   14.959054]          cloud-initStarting Virtualbox guest utils...[933]: 
The key's randomart image is:
[   14.992721] cloud-init[933]: +---[ECDSA 256]---+
[   14.993715] cloud-init[933]: |    o.           |
         Starting Accounts Service...
[   14.994479] cloud-init[933]: |   + ..          |
         Starting /etc/rc.local Compatibility...
[   15.090814] cloud-init[933]: |  . o .=   .     |
[   15.152880] cloud-init[933]: |   . = +=.. .    |
[   15.153548] cloud-init[933]: |    + *oS...     |
[[0;32m  OK  [0m] Started D-Bus System Message Bus.
[   15.154436] cloud-init[933]: |     O+=*=.      |
[   15.260847] cloud-init[933]: | . o+++=+.o      |
[   15.261737] cloud-init[933]: |E +.=.oo.o .     |
[[0;32m  OK  [0m] Started ACPI event daemon.
[   15.265838] cloud-init[933]: |  .=...o..o      |
[   15.305135] cloud-init[933]: +----[SHA256]-----+
[   15.305986] cloud-init[933]: Generating public/private ed25519 key pair.
[   15.311006] cloud-init[933]: Your identification has been saved in /etc/ssh/ssh_host_ed25519_key.
[   15.312349] cloud-init[933]: Your public key has been saved in /etc/ssh/ssh_host_ed25519_key.pub.
[   15.312551] cloud-init[933]: The key fingerprint is:
[   15.313261] cloud-init[933]: SHA256:9qd8YXDu1/1dfeASaurxKOdAvV4MpGmCE6bIwdKC97M root@ubuntu-xenial
[   15.315370] cloud-init[933]: The key's randomart image is:
[   15.316981] cloud-init[933]: +--[ED25519 256]--+
[   15.317072] cloud-init[933]: |                 |
[   15.317144] cloud-init[933]: |o.               |
[   15.319268] cloud-init[933]: |+o=     .        |
[   15.321765] cloud-init[933]: |+=.+   =  . .    |
[   15.321865] cloud-init[933]: |o.o + = S  +. .  |
[   15.321950] cloud-init[933]: |   . * . = .+o ..|
[   15.322019] cloud-init[933]: |    E . o *oo...=|
[   15.322084] cloud-init[933]: |      .o.O oo.. *|
[   15.322153] cloud-init[933]: |       =* +. .  +|
[   15.322223] cloud-init[933]: +----[SHA256]-----+
         Starting LXD - container startup/shutdown...
[[0;32m  OK  [0m] Started Deferred execution scheduler.
         Starting Login Service...
         Starting LSB: Record successful boot for GRUB...
         Starting Pollinate to seed the pseudo random number generator...
[[0;32m  OK  [0m] Started FUSE filesystem for LXC.
         Starting Snappy daemon...
[[0;32m  OK  [0m] Started System Logging Service.
[[0;32m  OK  [0m] Started /etc/rc.local Compatibility.
[[0;32m  OK  [0m] Started LXD - container startup/shutdown.
[[0;32m  OK  [0m] Started Login to default iSCSI targets.
[[0;32m  OK  [0m] Started LSB: MD monitoring daemon.
[[0;32m  OK  [0m] Started LSB: Record successful boot for GRUB.
         Starting Authenticate and Authorize Users to Run Privileged Tasks...
[[0;32m  OK  [0m] Reached target Remote File Systems (Pre).
[[0;32m  OK  [0m] Reached target Remote File Systems.
         Starting LSB: Set the CPU Frequency Scaling governor to "ondemand"...
         Starting Permit User Sessions...
         Starting LSB: automatic crash report generation...
         Starting LSB: daemon to balance interrupts for SMP systems...
[[0;32m  OK  [0m] Started Snappy daemon.
[[0;32m  OK  [0m] Started Virtualbox guest utils.
[[0;32m  OK  [0m] Started Pollinate to seed the pseudo random number generator.
[[0;32m  OK  [0m] Started Permit User Sessions.
[[0;32m  OK  [0m] Started Login Service.
[[0;32m  OK  [0m] Started Authenticate and Authorize Users to Run Privileged Tasks.
[[0;32m  OK  [0m] Started Accounts Service.
[[0;32m  OK  [0m] Started LSB: Set the CPU Frequency Scaling governor to "ondemand".
         Starting Hold until boot process finishes up...
         Starting Terminate Plymouth Boot Screen...
         Starting OpenBSD Secure Shell server...
         Starting Wait until snapd is fully seeded...
[[0;32m  OK  [0m] Started LSB: automatic crash report generation.
[[0;32m  OK  [0m] Started LSB: daemon to balance interrupts for SMP systems.
[[0;32m  OK  [0m] Started Hold until boot process finishes up.
[[0;32m  OK  [0m] Started Terminate Plymouth Boot Screen.
[[0;32m  OK  [0m] Started OpenBSD Secure Shell server.
[[0;32m  OK  [0m] Started Getty on tty1.
         Starting Set console scheme...
[[0;32m  OK  [0m] Started Serial Getty on ttyS0.
[[0;32m  OK  [0m] Reached target Login Prompts.
[[0;32m  OK  [0m] Started Set console scheme.
[[0;32m  OK  [0m] Created slice User Slice of vagrant.
[[0;32m  OK  [0m] Started Session 1 of user vagrant.
         Starting User Manager for UID 1000...
[[0;32m  OK  [0m] Started User Manager for UID 1000.
[[0;32m  OK  [0m] Started Wait until snapd is fully seeded.
         Starting Apply the settings specified in cloud-config...
[[0;32m  OK  [0m] Reached target Multi-User System.
[[0;32m  OK  [0m] Reached target Graphical Interface.
         Starting Update UTMP about System Runlevel Changes...
[[0;32m  OK  [0m] Started Update UTMP about System Runlevel Changes.
[   18.444229] cloud-init[1324]: Generating locales (this might take a while)...
         Stopping User Manager for UID 1000...
[[0;32m  OK  [0m] Stopped User Manager for UID 1000.
[[0;32m  OK  [0m] Removed slice User Slice of vagrant.
[[0;32m  OK  [0m] Created slice User Slice of vagrant.
         Starting User Manager for UID 1000...
[[0;32m  OK  [0m] Started Session 2 of user vagrant.
[[0;32m  OK  [0m] Started User Manager for UID 1000.
[   19.770763] cloud-init[1324]:   en_US.UTF-8... done
[   19.796868] cloud-init[1324]: Generation complete.
[   20.253396] cloud-init[1324]: Cloud-init v. 18.3-9-g2e62cb8a-0ubuntu1~16.04.2 running 'modules:config' at Tue, 18 Sep 2018 10:02:11 +0000. Up 18.22 seconds.
[[0;32m  OK  [0m] Started Apply the settings specified in cloud-config.
         Starting Execute cloud user/final scripts...
ci-info: no authorized ssh keys fingerprints found for user ubuntu.
<14>Sep 18 10:02:14 ec2: 
<14>Sep 18 10:02:14 ec2: #############################################################
<14>Sep 18 10:02:14 ec2: -----BEGIN SSH HOST KEY FINGERPRINTS-----
<14>Sep 18 10:02:14 ec2: 1024 SHA256:HLziRtk+VJOIrLkhqp8Sl6pUfSeLEkpnS5i32qKeRxk root@ubuntu-xenial (DSA)
<14>Sep 18 10:02:14 ec2: 256 SHA256:aWjcLPdYep5ShWpmxMwAjvW6qZNXZq2zTQgc74xrPII root@ubuntu-xenial (ECDSA)
<14>Sep 18 10:02:14 ec2: 256 SHA256:9qd8YXDu1/1dfeASaurxKOdAvV4MpGmCE6bIwdKC97M root@ubuntu-xenial (ED25519)
<14>Sep 18 10:02:14 ec2: 2048 SHA256:zSP9TXxOe56SJsYBdluYZA74THScPwmxl97ENRXYDQU root@ubuntu-xenial (RSA)
<14>Sep 18 10:02:14 ec2: -----END SSH HOST KEY FINGERPRINTS-----
<14>Sep 18 10:02:14 ec2: #############################################################
-----BEGIN SSH HOST KEY KEYS-----
ecdsa-sha2-nistp256 AAAAE2VjZHNhLXNoYTItbmlzdHAyNTYAAAAIbmlzdHAyNTYAAABBBMeBfOyt5cA6L90e+YMRF5Qum3HRMQBVvN76hsXGjgpm/r82+bebj1gCOdLagVl0tBjZPtWsbsfx0i5fZ3fQShI= root@ubuntu-xenial
ssh-ed25519 AAAAC3NzaC1lZDI1NTE5AAAAIOJIx2H0vHgpFL38U2hYuN6N2WVp+vNlMu8x1nGzLYo5 root@ubuntu-xenial
ssh-rsa AAAAB3NzaC1yc2EAAAADAQABAAABAQC83XPSUJ8+yPmxulviG0D4f5oWM4/f+MpQo0JlXPoH6dEU6nG0380VZMLGxL5o0zpJDhI/OjKFThmp/6tD2nwH5G4V8MNMKcVF+oLP/t6j+mvjvNdH14jRYGbQ23RqhXswyQaR3RJWNozWpCusRxY4nJGh9SBwfANZMBMJO5C4vjYQTPfJhcGqf2K0LD+wf+SAdLeCdOdE3+/IXFstQyyyfEv86/jBOXhcGRNR3y1s3KOHN1byKWwslZVtWjfqsWHe0ALCMxABybHAliWgi8e28x6Hi9ZH72KTn+gZF5U7OWAt9Je1rtawXY6rKg+fyRS+70S+loTIoRDPvfbMQFCX root@ubuntu-xenial
-----END SSH HOST KEY KEYS-----
[   21.434306] cloud-init[1546]: Cloud-init v. 18.3-9-g2e62cb8a-0ubuntu1~16.04.2 running 'modules:final' at Tue, 18 Sep 2018 10:02:13 +0000. Up 20.73 seconds.
[   21.468993] cloud-init[1546]: ci-info: no authorized ssh keys fingerprints found for user ubuntu.
[   21.482016] cloud-init[1546]: Cloud-init v. 18.3-9-g2e62cb8a-0ubuntu1~16.04.2 finished at Tue, 18 Sep 2018 10:02:14 +0000. Datasource DataSourceNoCloud [seed=/dev/sdb][dsmode=net].  Up 21.42 seconds
[[0;32m  OK  [0m] Started Execute cloud user/final scripts.
[[0;32m  OK  [0m] Reached target Cloud-init target.

Ubuntu 16.04.5 LTS ubuntu-xenial ttyS0

ubuntu-xenial login: 